\BOOKMARK [0][-]{chapter.1}{\376\377\000I\000n\000t\000r\000o\000d\000u\000c\000t\000i\000o\000n}{}% 1
\BOOKMARK [1][-]{section.1.1}{\376\377\000P\000r\000o\000j\000e\000c\000t\000\040\000O\000v\000e\000r\000v\000i\000e\000w}{chapter.1}% 2
\BOOKMARK [1][-]{section.1.2}{\376\377\000F\000e\000a\000t\000u\000r\000e\000s}{chapter.1}% 3
\BOOKMARK [1][-]{section.1.3}{\376\377\000L\000i\000c\000e\000n\000s\000e}{chapter.1}% 4
\BOOKMARK [0][-]{chapter.2}{\376\377\000S\000e\000t\000u\000p\000\040\000G\000u\000i\000d\000e}{}% 5
\BOOKMARK [0][-]{chapter.3}{\376\377\000G\000e\000t\000t\000i\000n\000g\000\040\000S\000t\000a\000r\000t\000e\000d}{}% 6
\BOOKMARK [1][-]{section.3.1}{\376\377\000I\000n\000s\000t\000a\000l\000l\000a\000t\000i\000o\000n\000\040\000G\000u\000i\000d\000e}{chapter.3}% 7
\BOOKMARK [1][-]{section.3.2}{\376\377\000Q\000u\000i\000c\000k\000\040\000S\000t\000a\000r\000t}{chapter.3}% 8
\BOOKMARK [0][-]{chapter.4}{\376\377\000U\000s\000a\000g\000e}{}% 9
\BOOKMARK [1][-]{section.4.1}{\376\377\000B\000a\000s\000i\000c\000\040\000U\000s\000a\000g\000e}{chapter.4}% 10
\BOOKMARK [1][-]{section.4.2}{\376\377\000A\000d\000v\000a\000n\000c\000e\000d\000\040\000U\000s\000a\000g\000e}{chapter.4}% 11
\BOOKMARK [0][-]{chapter.5}{\376\377\000C\000o\000n\000f\000i\000g\000u\000r\000a\000t\000i\000o\000n}{}% 12
\BOOKMARK [1][-]{section.5.1}{\376\377\000C\000o\000n\000f\000i\000g\000u\000r\000a\000t\000i\000o\000n\000\040\000O\000p\000t\000i\000o\000n\000s}{chapter.5}% 13
\BOOKMARK [1][-]{section.5.2}{\376\377\000D\000e\000f\000a\000u\000l\000t\000\040\000C\000o\000n\000f\000i\000g\000u\000r\000a\000t\000i\000o\000n}{chapter.5}% 14
\BOOKMARK [0][-]{chapter.6}{\376\377\000A\000r\000c\000h\000i\000t\000e\000c\000t\000u\000r\000e}{}% 15
\BOOKMARK [1][-]{section.6.1}{\376\377\000C\000o\000m\000p\000o\000n\000e\000n\000t\000s\000\040\000O\000v\000e\000r\000v\000i\000e\000w}{chapter.6}% 16
\BOOKMARK [1][-]{section.6.2}{\376\377\000D\000a\000t\000a\000\040\000F\000l\000o\000w}{chapter.6}% 17
\BOOKMARK [0][-]{chapter.7}{\376\377\000D\000e\000v\000e\000l\000o\000p\000m\000e\000n\000t}{}% 18
\BOOKMARK [1][-]{section.7.1}{\376\377\000D\000e\000v\000e\000l\000o\000p\000m\000e\000n\000t\000\040\000E\000n\000v\000i\000r\000o\000n\000m\000e\000n\000t\000\040\000S\000e\000t\000u\000p}{chapter.7}% 19
\BOOKMARK [1][-]{section.7.2}{\376\377\000B\000u\000i\000l\000d\000\040\000I\000n\000s\000t\000r\000u\000c\000t\000i\000o\000n\000s}{chapter.7}% 20
\BOOKMARK [1][-]{section.7.3}{\376\377\000T\000e\000s\000t\000i\000n\000g}{chapter.7}% 21
\BOOKMARK [0][-]{chapter.8}{\376\377\000C\000o\000n\000t\000r\000i\000b\000u\000t\000i\000o\000n\000\040\000G\000u\000i\000d\000e\000l\000i\000n\000e\000s}{}% 22
\BOOKMARK [1][-]{section.8.1}{\376\377\000H\000o\000w\000\040\000t\000o\000\040\000C\000o\000n\000t\000r\000i\000b\000u\000t\000e}{chapter.8}% 23
\BOOKMARK [1][-]{section.8.2}{\376\377\000C\000o\000m\000m\000u\000n\000i\000t\000y\000\040\000G\000u\000i\000d\000e\000l\000i\000n\000e\000s}{chapter.8}% 24
\BOOKMARK [0][-]{chapter.9}{\376\377\000A\000P\000I\000\040\000D\000o\000c\000u\000m\000e\000n\000t\000a\000t\000i\000o\000n}{}% 25
\BOOKMARK [1][-]{section.9.1}{\376\377\000A\000P\000I\000\040\000O\000v\000e\000r\000v\000i\000e\000w}{chapter.9}% 26
\BOOKMARK [1][-]{section.9.2}{\376\377\000E\000n\000d\000p\000o\000i\000n\000t\000s\000/\000F\000u\000n\000c\000t\000i\000o\000n\000s}{chapter.9}% 27
\BOOKMARK [0][-]{chapter.10}{\376\377\000F\000a\000q\000s}{}% 28
\BOOKMARK [0][-]{chapter.11}{\376\377\000T\000r\000o\000u\000b\000l\000e\000s\000h\000o\000o\000t\000i\000n\000g}{}% 29
\BOOKMARK [1][-]{section.11.1}{\376\377\000C\000o\000m\000m\000o\000n\000\040\000I\000s\000s\000u\000e\000s}{chapter.11}% 30
\BOOKMARK [1][-]{section.11.2}{\376\377\000G\000e\000t\000t\000i\000n\000g\000\040\000H\000e\000l\000p}{chapter.11}% 31
\BOOKMARK [0][-]{chapter.12}{\376\377\000C\000h\000a\000n\000g\000e\000l\000o\000g}{}% 32
\BOOKMARK [1][-]{section.12.1}{\376\377\000V\000e\000r\000s\000i\000o\000n\000\040\000H\000i\000s\000t\000o\000r\000y}{chapter.12}% 33
\BOOKMARK [0][-]{chapter.13}{\376\377\000A\000p\000p\000e\000n\000d\000i\000x}{}% 34
\BOOKMARK [1][-]{section.13.1}{\376\377\000G\000l\000o\000s\000s\000a\000r\000y}{chapter.13}% 35
\BOOKMARK [1][-]{section.13.2}{\376\377\000F\000u\000r\000t\000h\000e\000r\000\040\000R\000e\000a\000d\000i\000n\000g}{chapter.13}% 36
\BOOKMARK [0][-]{chapter.14}{\376\377\000I\000n\000d\000i\000c\000e\000s\000\040\000a\000n\000d\000\040\000t\000a\000b\000l\000e\000s}{}% 37
\BOOKMARK [0][-]{chapter*.3}{\376\377\000B\000i\000b\000l\000i\000o\000g\000r\000a\000p\000h\000y}{}% 38
